{
  "RSpec": {
    "coverage": {
      "/home/aechavarrias/grupo-17/app/models/user.rb": {
        "lines": [
          null,
          null,
          1,
          1,
          1,
          null,
          null,
          null,
          1,
          null,
          null,
          1,
          1,
          1,
          null
        ]
      },
      "/home/aechavarrias/grupo-17/app/models/application_record.rb": {
        "lines": [
          null,
          null,
          1,
          1,
          null
        ]
      },
      "/home/aechavarrias/grupo-17/app/helpers/application_helper.rb": {
        "lines": [
          null,
          null,
          1,
          null
        ]
      },
      "/home/aechavarrias/grupo-17/app/helpers/articles_helper.rb": {
        "lines": [
          1,
          null
        ]
      },
      "/home/aechavarrias/grupo-17/app/helpers/courses_helper.rb": {
        "lines": [
          null,
          null,
          1,
          null
        ]
      },
      "/home/aechavarrias/grupo-17/app/helpers/inscriptions_helper.rb": {
        "lines": [
          1,
          null
        ]
      },
      "/home/aechavarrias/grupo-17/app/helpers/lessons_helper.rb": {
        "lines": [
          1,
          null
        ]
      },
      "/home/aechavarrias/grupo-17/app/helpers/reviews_helper.rb": {
        "lines": [
          1,
          null
        ]
      },
      "/home/aechavarrias/grupo-17/app/models/inscription.rb": {
        "lines": [
          1,
          1,
          1,
          null
        ]
      },
      "/home/aechavarrias/grupo-17/app/models/review.rb": {
        "lines": [
          1,
          null
        ]
      },
      "/home/aechavarrias/grupo-17/app/controllers/reviews_controller.rb": {
        "lines": [
          1,
          1,
          null,
          null,
          1,
          0,
          null,
          null,
          null,
          1,
          null,
          null,
          null,
          1,
          1,
          null,
          null,
          null,
          1,
          null,
          null,
          null,
          1,
          0,
          null,
          0,
          0,
          0,
          0,
          null,
          0,
          0,
          null,
          null,
          null,
          null,
          null,
          1,
          0,
          0,
          0,
          0,
          null,
          0,
          0,
          null,
          null,
          null,
          null,
          null,
          1,
          0,
          0,
          0,
          0,
          null,
          null,
          null,
          1,
          null,
          1,
          0,
          null,
          null,
          null,
          1,
          0,
          null,
          null
        ]
      },
      "/home/aechavarrias/grupo-17/app/controllers/application_controller.rb": {
        "lines": [
          null,
          null,
          1,
          null
        ]
      },
      "/home/aechavarrias/grupo-17/app/controllers/articles_controller.rb": {
        "lines": [
          1,
          1,
          null,
          null
        ]
      },
      "/home/aechavarrias/grupo-17/app/controllers/courses_controller.rb": {
        "lines": [
          null,
          null,
          1,
          1,
          null,
          1,
          null,
          1,
          null,
          null,
          1,
          3,
          null,
          3,
          3,
          3,
          null,
          0,
          null,
          null,
          null,
          1,
          0,
          0,
          0,
          null,
          null,
          1,
          1,
          0,
          0,
          0,
          null,
          null,
          1,
          0,
          null,
          null,
          1,
          0,
          0,
          0,
          0,
          null,
          0,
          null,
          null,
          null,
          1,
          0,
          0,
          0,
          null,
          null,
          1,
          1,
          1,
          null,
          null
        ]
      },
      "/home/aechavarrias/grupo-17/app/models/course.rb": {
        "lines": [
          null,
          null,
          1,
          null,
          1,
          1,
          1,
          null
        ]
      },
      "/home/aechavarrias/grupo-17/app/controllers/lessons_controller.rb": {
        "lines": [
          1,
          1,
          1,
          1,
          null,
          null,
          1,
          2,
          2,
          2,
          0,
          null,
          2,
          null,
          null,
          null,
          1,
          1,
          null,
          null,
          1,
          0,
          null,
          null,
          1,
          0,
          null,
          null,
          1,
          0,
          0,
          0,
          0,
          null,
          0,
          null,
          null,
          null,
          1,
          0,
          0,
          0,
          null,
          null
        ]
      },
      "/home/aechavarrias/grupo-17/app/models/lesson.rb": {
        "lines": [
          1,
          1,
          null
        ]
      },
      "/home/aechavarrias/grupo-17/app/controllers/inscriptions_controller.rb": {
        "lines": [
          1,
          1,
          1,
          1,
          1,
          null,
          null,
          1,
          null,
          null,
          1,
          0,
          0,
          null,
          null,
          0,
          0,
          null,
          0,
          null,
          null,
          null,
          1,
          0,
          0,
          0,
          null,
          null,
          1,
          null,
          null,
          1,
          null,
          null,
          1,
          null,
          null,
          null
        ]
      }
    },
    "timestamp": 1636340976
  }
}
